<?xml version="1.0" encoding="UTF-8"?>
<testsuite name="(empty)"
	tests="5"
	failures="0"
	disabled="0"
	skipped="0"
	hostname=""
	time="0"
	timestamp="2026-05-31T16:54:50"
	>
	<testcase name="case1" classname="case1" time="0.0122762" status="run">
		<properties/>
		<system-out>Valid: 2c175d5e7e5694860f7da0015473af9a8595008687689ea34074704932053f58
Suite: case: 1248,36
Has 1 Checkpoint, PASSED
</system-out>
	</testcase>
	<testcase name="case2" classname="case2" time="0.00779594" status="run">
		<properties/>
		<system-out>Valid: d3ef4d1f47395d3f4b86a1a1f4c42ca72e8afc08d2e07cdaf3dfd8e24f36cf30
Suite: case: 800,10
Has 1 Checkpoint, PASSED
</system-out>
	</testcase>
	<testcase name="case3" classname="case3" time="0.00599815" status="run">
		<properties/>
		<system-out>Valid: 485d4c6d9e54ff394bcec9f74f61534cadb2a6ca4fe1be8d8f4163adc9372217
Suite: case: 456,17
Has 1 Checkpoint, PASSED
</system-out>
	</testcase>
	<testcase name="case4" classname="case4" time="0.00380347" status="run">
		<properties/>
		<system-out>Valid: 13de134fb7ed014bae64d14efea7dc59635ede71ab67a71b19aed107c093c5ca
Suite: case: 8,2
Has 1 Checkpoint, PASSED
</system-out>
	</testcase>
	<testcase name="case5" classname="case5" time="0.013092" status="run">
		<properties/>
		<system-out>Valid: c60d56afe68c31ab5a0c931580df3821d3a5a912156dde4113980d8d2a9d9385
Suite: case: 792,9
Has 1 Checkpoint, PASSED
</system-out>
	</testcase>
</testsuite>
