<?xml version="1.0" encoding="UTF-8"?>
<testsuite name="(empty)"
	tests="5"
	failures="0"
	disabled="0"
	skipped="0"
	hostname=""
	time="0"
	timestamp="2026-05-31T16:54:50"
	>
	<testcase name="case1" classname="case1" time="0.00389715" status="run">
		<properties/>
		<system-out>Valid: d8922c4b43bdba6efa2f2ff5711d833cf078b37cf6d9ccf09138220245a11904
Suite: case1
Has 2 Checkpoint, PASSED
</system-out>
	</testcase>
	<testcase name="case2" classname="case2" time="0.0038481" status="run">
		<properties/>
		<system-out>Valid: 4cd54a6a19015b13e89358d57db8453a65b9ef6c61cf4ee6a0761eced32060ff
Suite: case2
Has 3 Checkpoint, PASSED
</system-out>
	</testcase>
	<testcase name="case3" classname="case3" time="0.00347883" status="run">
		<properties/>
		<system-out>Valid: 77361bc1a7f896ba8d5810b6a1b0231088191bb4547464b278e0616b32be9147
Suite: case3
Has 5 Checkpoint, PASSED
</system-out>
	</testcase>
	<testcase name="case4" classname="case4" time="0.00359609" status="run">
		<properties/>
		<system-out>Valid: 1f4ad5e0f89587eb282ac0f00dd68dd32b26cdaab264496652b1ece1805d7009
Suite: case4
Has 7 Checkpoint, PASSED
</system-out>
	</testcase>
	<testcase name="case5" classname="case5" time="0.0036759" status="run">
		<properties/>
		<system-out>Valid: 6d63a9f5a18df57600cabe62b681554389752aa064eae2a318fa10bf18e56790
Suite: case5
Has 6 Checkpoint, PASSED
</system-out>
	</testcase>
</testsuite>
