<?xml version="1.0" encoding="UTF-8"?>
<testsuite name="(empty)"
	tests="5"
	failures="0"
	disabled="0"
	skipped="0"
	hostname=""
	time="0"
	timestamp="2026-05-31T16:54:50"
	>
	<testcase name="case1" classname="case1" time="0.00400668" status="run">
		<properties/>
		<system-out>Valid: 4bf3f651fce61b407506c0e26b1279bbfb7fe8dfec2c493d9b5a7ef94cfb22d1
Suite: case1
Has 2 Checkpoint, PASSED
</system-out>
	</testcase>
	<testcase name="case2" classname="case2" time="0.00410154" status="run">
		<properties/>
		<system-out>Valid: 440e4e1e5ebf974baf461885f3eb6246b457afdbf0b37860f91f0d344a38d96d
Suite: case2
Has 2 Checkpoint, PASSED
</system-out>
	</testcase>
	<testcase name="case3" classname="case3" time="0.00401084" status="run">
		<properties/>
		<system-out>Valid: 1a23b2755b59d90b1e88a1d60c1f2ef7e3b72a8c367805ab083c2db686aa3be4
Suite: case3
Has 2 Checkpoint, PASSED
</system-out>
	</testcase>
	<testcase name="case4" classname="case4" time="0.00408801" status="run">
		<properties/>
		<system-out>Valid: bb2ede787072269dfc680eb5d17faef6e6d99ef53c65f75e47853872f30f8a20
Suite: case4
Has 2 Checkpoint, PASSED
</system-out>
	</testcase>
	<testcase name="case5" classname="case5" time="0.00403383" status="run">
		<properties/>
		<system-out>Valid: d9943322dedbc31ad016a37c06737c564c1140ebc90e96dd83f920c778759a98
Suite: case5
Has 2 Checkpoint, PASSED
</system-out>
	</testcase>
</testsuite>
